- Building...

Initial chunk files | Names                                     |  Raw size
main.js             | main                                      | 262.90 kB | 
polyfills.js        | polyfills                                 |  88.09 kB | 
styles.css          | styles                                    |  28.06 kB | 
chunk-JCJEUDAQ.js   | -                                         |  12.86 kB | 
chunk-ENT5R7J6.js   | -                                         |   6.20 kB | 
chunk-JK6TMZBY.js   | -                                         |   4.65 kB | 
chunk-ZXQYTJI7.js   | -                                         |   2.61 kB | 
chunk-4WXVOEFY.js   | -                                         |   1.46 kB | 

                    | Initial total                             | 406.83 kB

Lazy chunk files    | Names                                     |  Raw size
chunk-K64J3NTX.js   | flujo-identidad-component                 | 365.74 kB | 
chunk-GB5TMBI2.js   | gali-v5-shell-component                   | 272.47 kB | 
chunk-XK2742JT.js   | gali-v3-shell-component                   | 260.60 kB | 
chunk-IGGZN4AA.js   | parametrizar-tarifas-industrial-component | 193.83 kB | 
chunk-ELG3KZ6I.js   | home-component                            | 192.96 kB | 
chunk-OCUVDUIS.js   | flujo-identidad-component                 | 182.59 kB | 
chunk-EULZIBJO.js   | dropi-screen-page-component               | 177.57 kB | 
chunk-5UNQVX43.js   | verificacion-identidad-component          | 152.52 kB | 
chunk-MV24JEVZ.js   | parametrizar-tarifas-component            | 151.53 kB | 
chunk-H4A2H6UG.js   | validacion-identidad-component            | 142.84 kB | 
chunk-6BRZAMMY.js   | orders-provider-component                 | 126.89 kB | 
chunk-74OYUD7K.js   | datos-personales-component                | 106.35 kB | 
chunk-3YHE2NSC.js   | gali-descubrimiento-component             | 100.25 kB | 
chunk-2I7SKHUE.js   | bloque-builder-component                  |  98.50 kB | 
chunk-RZRSHASW.js   | validacion-identidad-hub-component        |  96.18 kB | 
...and 188 more lazy chunks files. Use "--verbose" to show all the files.

Application bundle generation complete. [16.987 seconds]

▲ [WARNING] NG8102: The left side of this nullish coalescing operation does not include 'null' or 'undefined' in its type, therefore the '??' operator can be safely removed. [plugin angular-compiler]

    src/app/pages/gali-v5/components/gali-project-panel/gali-project-panel.component.html:40:28:
      40 │         [style.background]="agentColors[agent.id] ?? '#9b9ba8'"
         ╵                             ~~~~~~~~~~~~~~~~~~~~~~~~~~~~~~~~~~

  Error occurs in the template of component GaliProjectPanelComponent.

    src/app/pages/gali-v5/components/gali-project-panel/gali-project-panel.component.ts:39:15:
      39 │   templateUrl: './gali-project-panel.component.html',
         ╵                ~~~~~~~~~~~~~~~~~~~~~~~~~~~~~~~~~~~~~


▲ [WARNING] NG8107: The left side of this optional chain operation does not include 'null' or 'undefined' in its type, therefore the '?.' operator can be replaced with the '.' operator. [plugin angular-compiler]

    src/app/pages/gali-v5/components/gali-project-panel/gali-project-panel.component.html:81:23:
      81 │   @if (project.skills?.length) {
         ╵                        ~~~~~~

  Error occurs in the template of component GaliProjectPanelComponent.

    src/app/pages/gali-v5/components/gali-project-panel/gali-project-panel.component.ts:39:15:
      39 │   templateUrl: './gali-project-panel.component.html',
         ╵                ~~~~~~~~~~~~~~~~~~~~~~~~~~~~~~~~~~~~~


▲ [WARNING] NG8107: The left side of this optional chain operation does not include 'null' or 'undefined' in its type, therefore the '?.' operator can be replaced with the '.' operator. [plugin angular-compiler]

    src/app/pages/gali-v5/pages/skills/skill-editor-page.component.html:120:71:
      120 │ ...ue]="draft().conditions[0]?.metric" (change)="onCondMetricChan...
          ╵                                ~~~~~~

  Error occurs in the template of component SkillEditorPageComponent.

    src/app/pages/gali-v5/pages/skills/skill-editor-page.component.ts:84:15:
      84 │   templateUrl: './skill-editor-page.component.html',
         ╵                ~~~~~~~~~~~~~~~~~~~~~~~~~~~~~~~~~~~~


▲ [WARNING] NG8107: The left side of this optional chain operation does not include 'null' or 'undefined' in its type, therefore the '?.' operator can be replaced with the '.' operator. [plugin angular-compiler]

    src/app/pages/prototype-gallery/prototype-gallery.component.ts:126:79:
      126 │ ...er-glyph">{{ FOLDER_META[proto.folder!]?.icon ?? '📁' }}</span>
          ╵                                             ~~~~


Watch mode enabled. Watching for file changes...
Re-optimizing dependencies because lockfile has changed
  ➜  Local:   http://localhost:4200/
  ➜  press h + enter to show help
- Changes detected. Rebuilding...

Initial chunk files | Names            |  Raw size
main.js             | main             | 262.90 kB | 

Lazy chunk files    | Names            |  Raw size
chunk-CRTRBTWG.js   | cuenta-component |  30.95 kB | 

Application bundle generation complete. [10.770 seconds]

▲ [WARNING] NG8102: The left side of this nullish coalescing operation does not include 'null' or 'undefined' in its type, therefore the '??' operator can be safely removed. [plugin angular-compiler]

    src/app/pages/gali-v5/components/gali-project-panel/gali-project-panel.component.html:40:28:
      40 │         [style.background]="agentColors[agent.id] ?? '#9b9ba8'"
         ╵                             ~~~~~~~~~~~~~~~~~~~~~~~~~~~~~~~~~~

  Error occurs in the template of component GaliProjectPanelComponent.

    src/app/pages/gali-v5/components/gali-project-panel/gali-project-panel.component.ts:39:15:
      39 │   templateUrl: './gali-project-panel.component.html',
         ╵                ~~~~~~~~~~~~~~~~~~~~~~~~~~~~~~~~~~~~~


▲ [WARNING] NG8107: The left side of this optional chain operation does not include 'null' or 'undefined' in its type, therefore the '?.' operator can be replaced with the '.' operator. [plugin angular-compiler]

    src/app/pages/gali-v5/components/gali-project-panel/gali-project-panel.component.html:81:23:
      81 │   @if (project.skills?.length) {
         ╵                        ~~~~~~

  Error occurs in the template of component GaliProjectPanelComponent.

    src/app/pages/gali-v5/components/gali-project-panel/gali-project-panel.component.ts:39:15:
      39 │   templateUrl: './gali-project-panel.component.html',
         ╵                ~~~~~~~~~~~~~~~~~~~~~~~~~~~~~~~~~~~~~


▲ [WARNING] NG8107: The left side of this optional chain operation does not include 'null' or 'undefined' in its type, therefore the '?.' operator can be replaced with the '.' operator. [plugin angular-compiler]

    src/app/pages/gali-v5/pages/skills/skill-editor-page.component.html:120:71:
      120 │ ...ue]="draft().conditions[0]?.metric" (change)="onCondMetricChan...
          ╵                                ~~~~~~

  Error occurs in the template of component SkillEditorPageComponent.

    src/app/pages/gali-v5/pages/skills/skill-editor-page.component.ts:84:15:
      84 │   templateUrl: './skill-editor-page.component.html',
         ╵                ~~~~~~~~~~~~~~~~~~~~~~~~~~~~~~~~~~~~


▲ [WARNING] NG8107: The left side of this optional chain operation does not include 'null' or 'undefined' in its type, therefore the '?.' operator can be replaced with the '.' operator. [plugin angular-compiler]

    src/app/pages/prototype-gallery/prototype-gallery.component.ts:126:79:
      126 │ ...er-glyph">{{ FOLDER_META[proto.folder!]?.icon ?? '📁' }}</span>
          ╵                                             ~~~~


Page reload sent to client(s).
- Changes detected. Rebuilding...

Initial chunk files | Names            |  Raw size
main.js             | main             | 262.90 kB | 

Lazy chunk files    | Names            |  Raw size
chunk-OAURFO3G.js   | cuenta-component |  30.95 kB | 

Application bundle generation complete. [0.674 seconds]

▲ [WARNING] NG8102: The left side of this nullish coalescing operation does not include 'null' or 'undefined' in its type, therefore the '??' operator can be safely removed. [plugin angular-compiler]

    src/app/pages/gali-v5/components/gali-project-panel/gali-project-panel.component.html:40:28:
      40 │         [style.background]="agentColors[agent.id] ?? '#9b9ba8'"
         ╵                             ~~~~~~~~~~~~~~~~~~~~~~~~~~~~~~~~~~

  Error occurs in the template of component GaliProjectPanelComponent.

    src/app/pages/gali-v5/components/gali-project-panel/gali-project-panel.component.ts:39:15:
      39 │   templateUrl: './gali-project-panel.component.html',
         ╵                ~~~~~~~~~~~~~~~~~~~~~~~~~~~~~~~~~~~~~


▲ [WARNING] NG8107: The left side of this optional chain operation does not include 'null' or 'undefined' in its type, therefore the '?.' operator can be replaced with the '.' operator. [plugin angular-compiler]

    src/app/pages/gali-v5/components/gali-project-panel/gali-project-panel.component.html:81:23:
      81 │   @if (project.skills?.length) {
         ╵                        ~~~~~~

  Error occurs in the template of component GaliProjectPanelComponent.

    src/app/pages/gali-v5/components/gali-project-panel/gali-project-panel.component.ts:39:15:
      39 │   templateUrl: './gali-project-panel.component.html',
         ╵                ~~~~~~~~~~~~~~~~~~~~~~~~~~~~~~~~~~~~~


▲ [WARNING] NG8107: The left side of this optional chain operation does not include 'null' or 'undefined' in its type, therefore the '?.' operator can be replaced with the '.' operator. [plugin angular-compiler]

    src/app/pages/gali-v5/pages/skills/skill-editor-page.component.html:120:71:
      120 │ ...ue]="draft().conditions[0]?.metric" (change)="onCondMetricChan...
          ╵                                ~~~~~~

  Error occurs in the template of component SkillEditorPageComponent.

    src/app/pages/gali-v5/pages/skills/skill-editor-page.component.ts:84:15:
      84 │   templateUrl: './skill-editor-page.component.html',
         ╵                ~~~~~~~~~~~~~~~~~~~~~~~~~~~~~~~~~~~~


▲ [WARNING] NG8107: The left side of this optional chain operation does not include 'null' or 'undefined' in its type, therefore the '?.' operator can be replaced with the '.' operator. [plugin angular-compiler]

    src/app/pages/prototype-gallery/prototype-gallery.component.ts:126:79:
      126 │ ...er-glyph">{{ FOLDER_META[proto.folder!]?.icon ?? '📁' }}</span>
          ╵                                             ~~~~


Page reload sent to client(s).
- Changes detected. Rebuilding...

Initial chunk files | Names            |  Raw size
main.js             | main             | 262.90 kB | 

Lazy chunk files    | Names            |  Raw size
chunk-45E62UFW.js   | cuenta-component |  30.95 kB | 

Application bundle generation complete. [0.697 seconds]

▲ [WARNING] NG8102: The left side of this nullish coalescing operation does not include 'null' or 'undefined' in its type, therefore the '??' operator can be safely removed. [plugin angular-compiler]

    src/app/pages/gali-v5/components/gali-project-panel/gali-project-panel.component.html:40:28:
      40 │         [style.background]="agentColors[agent.id] ?? '#9b9ba8'"
         ╵                             ~~~~~~~~~~~~~~~~~~~~~~~~~~~~~~~~~~

  Error occurs in the template of component GaliProjectPanelComponent.

    src/app/pages/gali-v5/components/gali-project-panel/gali-project-panel.component.ts:39:15:
      39 │   templateUrl: './gali-project-panel.component.html',
         ╵                ~~~~~~~~~~~~~~~~~~~~~~~~~~~~~~~~~~~~~


▲ [WARNING] NG8107: The left side of this optional chain operation does not include 'null' or 'undefined' in its type, therefore the '?.' operator can be replaced with the '.' operator. [plugin angular-compiler]

    src/app/pages/gali-v5/components/gali-project-panel/gali-project-panel.component.html:81:23:
      81 │   @if (project.skills?.length) {
         ╵                        ~~~~~~

  Error occurs in the template of component GaliProjectPanelComponent.

    src/app/pages/gali-v5/components/gali-project-panel/gali-project-panel.component.ts:39:15:
      39 │   templateUrl: './gali-project-panel.component.html',
         ╵                ~~~~~~~~~~~~~~~~~~~~~~~~~~~~~~~~~~~~~


▲ [WARNING] NG8107: The left side of this optional chain operation does not include 'null' or 'undefined' in its type, therefore the '?.' operator can be replaced with the '.' operator. [plugin angular-compiler]

    src/app/pages/gali-v5/pages/skills/skill-editor-page.component.html:120:71:
      120 │ ...ue]="draft().conditions[0]?.metric" (change)="onCondMetricChan...
          ╵                                ~~~~~~

  Error occurs in the template of component SkillEditorPageComponent.

    src/app/pages/gali-v5/pages/skills/skill-editor-page.component.ts:84:15:
      84 │   templateUrl: './skill-editor-page.component.html',
         ╵                ~~~~~~~~~~~~~~~~~~~~~~~~~~~~~~~~~~~~


▲ [WARNING] NG8107: The left side of this optional chain operation does not include 'null' or 'undefined' in its type, therefore the '?.' operator can be replaced with the '.' operator. [plugin angular-compiler]

    src/app/pages/prototype-gallery/prototype-gallery.component.ts:126:79:
      126 │ ...er-glyph">{{ FOLDER_META[proto.folder!]?.icon ?? '📁' }}</span>
          ╵                                             ~~~~


Page reload sent to client(s).
- Changes detected. Rebuilding...

Initial chunk files | Names                       |  Raw size
main.js             | main                        | 262.90 kB | 

Lazy chunk files    | Names                       |  Raw size
chunk-B3ZAKIU7.js   | datos-facturacion-component |  26.29 kB | 

Application bundle generation complete. [0.583 seconds]

▲ [WARNING] NG8102: The left side of this nullish coalescing operation does not include 'null' or 'undefined' in its type, therefore the '??' operator can be safely removed. [plugin angular-compiler]

    src/app/pages/gali-v5/components/gali-project-panel/gali-project-panel.component.html:40:28:
      40 │         [style.background]="agentColors[agent.id] ?? '#9b9ba8'"
         ╵                             ~~~~~~~~~~~~~~~~~~~~~~~~~~~~~~~~~~

  Error occurs in the template of component GaliProjectPanelComponent.

    src/app/pages/gali-v5/components/gali-project-panel/gali-project-panel.component.ts:39:15:
      39 │   templateUrl: './gali-project-panel.component.html',
         ╵                ~~~~~~~~~~~~~~~~~~~~~~~~~~~~~~~~~~~~~


▲ [WARNING] NG8107: The left side of this optional chain operation does not include 'null' or 'undefined' in its type, therefore the '?.' operator can be replaced with the '.' operator. [plugin angular-compiler]

    src/app/pages/gali-v5/components/gali-project-panel/gali-project-panel.component.html:81:23:
      81 │   @if (project.skills?.length) {
         ╵                        ~~~~~~

  Error occurs in the template of component GaliProjectPanelComponent.

    src/app/pages/gali-v5/components/gali-project-panel/gali-project-panel.component.ts:39:15:
      39 │   templateUrl: './gali-project-panel.component.html',
         ╵                ~~~~~~~~~~~~~~~~~~~~~~~~~~~~~~~~~~~~~


▲ [WARNING] NG8107: The left side of this optional chain operation does not include 'null' or 'undefined' in its type, therefore the '?.' operator can be replaced with the '.' operator. [plugin angular-compiler]

    src/app/pages/gali-v5/pages/skills/skill-editor-page.component.html:120:71:
      120 │ ...ue]="draft().conditions[0]?.metric" (change)="onCondMetricChan...
          ╵                                ~~~~~~

  Error occurs in the template of component SkillEditorPageComponent.

    src/app/pages/gali-v5/pages/skills/skill-editor-page.component.ts:84:15:
      84 │   templateUrl: './skill-editor-page.component.html',
         ╵                ~~~~~~~~~~~~~~~~~~~~~~~~~~~~~~~~~~~~


▲ [WARNING] NG8107: The left side of this optional chain operation does not include 'null' or 'undefined' in its type, therefore the '?.' operator can be replaced with the '.' operator. [plugin angular-compiler]

    src/app/pages/prototype-gallery/prototype-gallery.component.ts:126:79:
      126 │ ...er-glyph">{{ FOLDER_META[proto.folder!]?.icon ?? '📁' }}</span>
          ╵                                             ~~~~


Page reload sent to client(s).
- Changes detected. Rebuilding...

Initial chunk files | Names                       |  Raw size
main.js             | main                        | 262.90 kB | 

Lazy chunk files    | Names                       |  Raw size
chunk-PZP4GPJB.js   | datos-facturacion-component |  26.17 kB | 

Application bundle generation complete. [0.586 seconds]

▲ [WARNING] NG8102: The left side of this nullish coalescing operation does not include 'null' or 'undefined' in its type, therefore the '??' operator can be safely removed. [plugin angular-compiler]

    src/app/pages/gali-v5/components/gali-project-panel/gali-project-panel.component.html:40:28:
      40 │         [style.background]="agentColors[agent.id] ?? '#9b9ba8'"
         ╵                             ~~~~~~~~~~~~~~~~~~~~~~~~~~~~~~~~~~

  Error occurs in the template of component GaliProjectPanelComponent.

    src/app/pages/gali-v5/components/gali-project-panel/gali-project-panel.component.ts:39:15:
      39 │   templateUrl: './gali-project-panel.component.html',
         ╵                ~~~~~~~~~~~~~~~~~~~~~~~~~~~~~~~~~~~~~


▲ [WARNING] NG8107: The left side of this optional chain operation does not include 'null' or 'undefined' in its type, therefore the '?.' operator can be replaced with the '.' operator. [plugin angular-compiler]

    src/app/pages/gali-v5/components/gali-project-panel/gali-project-panel.component.html:81:23:
      81 │   @if (project.skills?.length) {
         ╵                        ~~~~~~

  Error occurs in the template of component GaliProjectPanelComponent.

    src/app/pages/gali-v5/components/gali-project-panel/gali-project-panel.component.ts:39:15:
      39 │   templateUrl: './gali-project-panel.component.html',
         ╵                ~~~~~~~~~~~~~~~~~~~~~~~~~~~~~~~~~~~~~


▲ [WARNING] NG8107: The left side of this optional chain operation does not include 'null' or 'undefined' in its type, therefore the '?.' operator can be replaced with the '.' operator. [plugin angular-compiler]

    src/app/pages/gali-v5/pages/skills/skill-editor-page.component.html:120:71:
      120 │ ...ue]="draft().conditions[0]?.metric" (change)="onCondMetricChan...
          ╵                                ~~~~~~

  Error occurs in the template of component SkillEditorPageComponent.

    src/app/pages/gali-v5/pages/skills/skill-editor-page.component.ts:84:15:
      84 │   templateUrl: './skill-editor-page.component.html',
         ╵                ~~~~~~~~~~~~~~~~~~~~~~~~~~~~~~~~~~~~


▲ [WARNING] NG8107: The left side of this optional chain operation does not include 'null' or 'undefined' in its type, therefore the '?.' operator can be replaced with the '.' operator. [plugin angular-compiler]

    src/app/pages/prototype-gallery/prototype-gallery.component.ts:126:79:
      126 │ ...er-glyph">{{ FOLDER_META[proto.folder!]?.icon ?? '📁' }}</span>
          ╵                                             ~~~~


Page reload sent to client(s).
- Changes detected. Rebuilding...

Initial chunk files | Names            |  Raw size
main.js             | main             | 262.90 kB | 

Lazy chunk files    | Names            |  Raw size
chunk-HFF3UXLU.js   | cuenta-component |  30.88 kB | 

Application bundle generation complete. [0.565 seconds]

▲ [WARNING] NG8102: The left side of this nullish coalescing operation does not include 'null' or 'undefined' in its type, therefore the '??' operator can be safely removed. [plugin angular-compiler]

    src/app/pages/gali-v5/components/gali-project-panel/gali-project-panel.component.html:40:28:
      40 │         [style.background]="agentColors[agent.id] ?? '#9b9ba8'"
         ╵                             ~~~~~~~~~~~~~~~~~~~~~~~~~~~~~~~~~~

  Error occurs in the template of component GaliProjectPanelComponent.

    src/app/pages/gali-v5/components/gali-project-panel/gali-project-panel.component.ts:39:15:
      39 │   templateUrl: './gali-project-panel.component.html',
         ╵                ~~~~~~~~~~~~~~~~~~~~~~~~~~~~~~~~~~~~~


▲ [WARNING] NG8107: The left side of this optional chain operation does not include 'null' or 'undefined' in its type, therefore the '?.' operator can be replaced with the '.' operator. [plugin angular-compiler]

    src/app/pages/gali-v5/components/gali-project-panel/gali-project-panel.component.html:81:23:
      81 │   @if (project.skills?.length) {
         ╵                        ~~~~~~

  Error occurs in the template of component GaliProjectPanelComponent.

    src/app/pages/gali-v5/components/gali-project-panel/gali-project-panel.component.ts:39:15:
      39 │   templateUrl: './gali-project-panel.component.html',
         ╵                ~~~~~~~~~~~~~~~~~~~~~~~~~~~~~~~~~~~~~


▲ [WARNING] NG8107: The left side of this optional chain operation does not include 'null' or 'undefined' in its type, therefore the '?.' operator can be replaced with the '.' operator. [plugin angular-compiler]

    src/app/pages/gali-v5/pages/skills/skill-editor-page.component.html:120:71:
      120 │ ...ue]="draft().conditions[0]?.metric" (change)="onCondMetricChan...
          ╵                                ~~~~~~

  Error occurs in the template of component SkillEditorPageComponent.

    src/app/pages/gali-v5/pages/skills/skill-editor-page.component.ts:84:15:
      84 │   templateUrl: './skill-editor-page.component.html',
         ╵                ~~~~~~~~~~~~~~~~~~~~~~~~~~~~~~~~~~~~


▲ [WARNING] NG8107: The left side of this optional chain operation does not include 'null' or 'undefined' in its type, therefore the '?.' operator can be replaced with the '.' operator. [plugin angular-compiler]

    src/app/pages/prototype-gallery/prototype-gallery.component.ts:126:79:
      126 │ ...er-glyph">{{ FOLDER_META[proto.folder!]?.icon ?? '📁' }}</span>
          ╵                                             ~~~~


Page reload sent to client(s).
- Changes detected. Rebuilding...

Initial chunk files | Names                       |  Raw size
main.js             | main                        | 262.90 kB | 

Lazy chunk files    | Names                       |  Raw size
chunk-57JHUIRO.js   | datos-facturacion-component |  26.17 kB | 

Application bundle generation complete. [1.896 seconds]

▲ [WARNING] NG8102: The left side of this nullish coalescing operation does not include 'null' or 'undefined' in its type, therefore the '??' operator can be safely removed. [plugin angular-compiler]

    src/app/pages/gali-v5/components/gali-project-panel/gali-project-panel.component.html:40:28:
      40 │         [style.background]="agentColors[agent.id] ?? '#9b9ba8'"
         ╵                             ~~~~~~~~~~~~~~~~~~~~~~~~~~~~~~~~~~

  Error occurs in the template of component GaliProjectPanelComponent.

    src/app/pages/gali-v5/components/gali-project-panel/gali-project-panel.component.ts:39:15:
      39 │   templateUrl: './gali-project-panel.component.html',
         ╵                ~~~~~~~~~~~~~~~~~~~~~~~~~~~~~~~~~~~~~


▲ [WARNING] NG8107: The left side of this optional chain operation does not include 'null' or 'undefined' in its type, therefore the '?.' operator can be replaced with the '.' operator. [plugin angular-compiler]

    src/app/pages/gali-v5/components/gali-project-panel/gali-project-panel.component.html:81:23:
      81 │   @if (project.skills?.length) {
         ╵                        ~~~~~~

  Error occurs in the template of component GaliProjectPanelComponent.

    src/app/pages/gali-v5/components/gali-project-panel/gali-project-panel.component.ts:39:15:
      39 │   templateUrl: './gali-project-panel.component.html',
         ╵                ~~~~~~~~~~~~~~~~~~~~~~~~~~~~~~~~~~~~~


▲ [WARNING] NG8107: The left side of this optional chain operation does not include 'null' or 'undefined' in its type, therefore the '?.' operator can be replaced with the '.' operator. [plugin angular-compiler]

    src/app/pages/gali-v5/pages/skills/skill-editor-page.component.html:120:71:
      120 │ ...ue]="draft().conditions[0]?.metric" (change)="onCondMetricChan...
          ╵                                ~~~~~~

  Error occurs in the template of component SkillEditorPageComponent.

    src/app/pages/gali-v5/pages/skills/skill-editor-page.component.ts:84:15:
      84 │   templateUrl: './skill-editor-page.component.html',
         ╵                ~~~~~~~~~~~~~~~~~~~~~~~~~~~~~~~~~~~~


▲ [WARNING] NG8107: The left side of this optional chain operation does not include 'null' or 'undefined' in its type, therefore the '?.' operator can be replaced with the '.' operator. [plugin angular-compiler]

    src/app/pages/prototype-gallery/prototype-gallery.component.ts:126:79:
      126 │ ...er-glyph">{{ FOLDER_META[proto.folder!]?.icon ?? '📁' }}</span>
          ╵                                             ~~~~


Page reload sent to client(s).
- Changes detected. Rebuilding...

Initial chunk files | Names            |  Raw size
main.js             | main             | 262.90 kB | 

Lazy chunk files    | Names            |  Raw size
chunk-GHPHOXHE.js   | cuenta-component |  30.88 kB | 

Application bundle generation complete. [0.598 seconds]

▲ [WARNING] NG8102: The left side of this nullish coalescing operation does not include 'null' or 'undefined' in its type, therefore the '??' operator can be safely removed. [plugin angular-compiler]

    src/app/pages/gali-v5/components/gali-project-panel/gali-project-panel.component.html:40:28:
      40 │         [style.background]="agentColors[agent.id] ?? '#9b9ba8'"
         ╵                             ~~~~~~~~~~~~~~~~~~~~~~~~~~~~~~~~~~

  Error occurs in the template of component GaliProjectPanelComponent.

    src/app/pages/gali-v5/components/gali-project-panel/gali-project-panel.component.ts:39:15:
      39 │   templateUrl: './gali-project-panel.component.html',
         ╵                ~~~~~~~~~~~~~~~~~~~~~~~~~~~~~~~~~~~~~


▲ [WARNING] NG8107: The left side of this optional chain operation does not include 'null' or 'undefined' in its type, therefore the '?.' operator can be replaced with the '.' operator. [plugin angular-compiler]

    src/app/pages/gali-v5/components/gali-project-panel/gali-project-panel.component.html:81:23:
      81 │   @if (project.skills?.length) {
         ╵                        ~~~~~~

  Error occurs in the template of component GaliProjectPanelComponent.

    src/app/pages/gali-v5/components/gali-project-panel/gali-project-panel.component.ts:39:15:
      39 │   templateUrl: './gali-project-panel.component.html',
         ╵                ~~~~~~~~~~~~~~~~~~~~~~~~~~~~~~~~~~~~~


▲ [WARNING] NG8107: The left side of this optional chain operation does not include 'null' or 'undefined' in its type, therefore the '?.' operator can be replaced with the '.' operator. [plugin angular-compiler]

    src/app/pages/gali-v5/pages/skills/skill-editor-page.component.html:120:71:
      120 │ ...ue]="draft().conditions[0]?.metric" (change)="onCondMetricChan...
          ╵                                ~~~~~~

  Error occurs in the template of component SkillEditorPageComponent.

    src/app/pages/gali-v5/pages/skills/skill-editor-page.component.ts:84:15:
      84 │   templateUrl: './skill-editor-page.component.html',
         ╵                ~~~~~~~~~~~~~~~~~~~~~~~~~~~~~~~~~~~~


▲ [WARNING] NG8107: The left side of this optional chain operation does not include 'null' or 'undefined' in its type, therefore the '?.' operator can be replaced with the '.' operator. [plugin angular-compiler]

    src/app/pages/prototype-gallery/prototype-gallery.component.ts:126:79:
      126 │ ...er-glyph">{{ FOLDER_META[proto.folder!]?.icon ?? '📁' }}</span>
          ╵                                             ~~~~


Page reload sent to client(s).
- Changes detected. Rebuilding...

Initial chunk files | Names                       |  Raw size
main.js             | main                        | 262.90 kB | 

Lazy chunk files    | Names                       |  Raw size
chunk-NHCYMG5R.js   | datos-facturacion-component |  26.17 kB | 

Application bundle generation complete. [0.582 seconds]

▲ [WARNING] NG8102: The left side of this nullish coalescing operation does not include 'null' or 'undefined' in its type, therefore the '??' operator can be safely removed. [plugin angular-compiler]

    src/app/pages/gali-v5/components/gali-project-panel/gali-project-panel.component.html:40:28:
      40 │         [style.background]="agentColors[agent.id] ?? '#9b9ba8'"
         ╵                             ~~~~~~~~~~~~~~~~~~~~~~~~~~~~~~~~~~

  Error occurs in the template of component GaliProjectPanelComponent.

    src/app/pages/gali-v5/components/gali-project-panel/gali-project-panel.component.ts:39:15:
      39 │   templateUrl: './gali-project-panel.component.html',
         ╵                ~~~~~~~~~~~~~~~~~~~~~~~~~~~~~~~~~~~~~


▲ [WARNING] NG8107: The left side of this optional chain operation does not include 'null' or 'undefined' in its type, therefore the '?.' operator can be replaced with the '.' operator. [plugin angular-compiler]

    src/app/pages/gali-v5/components/gali-project-panel/gali-project-panel.component.html:81:23:
      81 │   @if (project.skills?.length) {
         ╵                        ~~~~~~

  Error occurs in the template of component GaliProjectPanelComponent.

    src/app/pages/gali-v5/components/gali-project-panel/gali-project-panel.component.ts:39:15:
      39 │   templateUrl: './gali-project-panel.component.html',
         ╵                ~~~~~~~~~~~~~~~~~~~~~~~~~~~~~~~~~~~~~


▲ [WARNING] NG8107: The left side of this optional chain operation does not include 'null' or 'undefined' in its type, therefore the '?.' operator can be replaced with the '.' operator. [plugin angular-compiler]

    src/app/pages/gali-v5/pages/skills/skill-editor-page.component.html:120:71:
      120 │ ...ue]="draft().conditions[0]?.metric" (change)="onCondMetricChan...
          ╵                                ~~~~~~

  Error occurs in the template of component SkillEditorPageComponent.

    src/app/pages/gali-v5/pages/skills/skill-editor-page.component.ts:84:15:
      84 │   templateUrl: './skill-editor-page.component.html',
         ╵                ~~~~~~~~~~~~~~~~~~~~~~~~~~~~~~~~~~~~


▲ [WARNING] NG8107: The left side of this optional chain operation does not include 'null' or 'undefined' in its type, therefore the '?.' operator can be replaced with the '.' operator. [plugin angular-compiler]

    src/app/pages/prototype-gallery/prototype-gallery.component.ts:126:79:
      126 │ ...er-glyph">{{ FOLDER_META[proto.folder!]?.icon ?? '📁' }}</span>
          ╵                                             ~~~~


Page reload sent to client(s).
- Changes detected. Rebuilding...


No output file changes.

Application bundle generation complete. [0.572 seconds]

▲ [WARNING] NG8102: The left side of this nullish coalescing operation does not include 'null' or 'undefined' in its type, therefore the '??' operator can be safely removed. [plugin angular-compiler]

    src/app/pages/gali-v5/components/gali-project-panel/gali-project-panel.component.html:40:28:
      40 │         [style.background]="agentColors[agent.id] ?? '#9b9ba8'"
         ╵                             ~~~~~~~~~~~~~~~~~~~~~~~~~~~~~~~~~~

  Error occurs in the template of component GaliProjectPanelComponent.

    src/app/pages/gali-v5/components/gali-project-panel/gali-project-panel.component.ts:39:15:
      39 │   templateUrl: './gali-project-panel.component.html',
         ╵                ~~~~~~~~~~~~~~~~~~~~~~~~~~~~~~~~~~~~~


▲ [WARNING] NG8107: The left side of this optional chain operation does not include 'null' or 'undefined' in its type, therefore the '?.' operator can be replaced with the '.' operator. [plugin angular-compiler]

    src/app/pages/gali-v5/components/gali-project-panel/gali-project-panel.component.html:81:23:
      81 │   @if (project.skills?.length) {
         ╵                        ~~~~~~

  Error occurs in the template of component GaliProjectPanelComponent.

    src/app/pages/gali-v5/components/gali-project-panel/gali-project-panel.component.ts:39:15:
      39 │   templateUrl: './gali-project-panel.component.html',
         ╵                ~~~~~~~~~~~~~~~~~~~~~~~~~~~~~~~~~~~~~


▲ [WARNING] NG8107: The left side of this optional chain operation does not include 'null' or 'undefined' in its type, therefore the '?.' operator can be replaced with the '.' operator. [plugin angular-compiler]

    src/app/pages/gali-v5/pages/skills/skill-editor-page.component.html:120:71:
      120 │ ...ue]="draft().conditions[0]?.metric" (change)="onCondMetricChan...
          ╵                                ~~~~~~

  Error occurs in the template of component SkillEditorPageComponent.

    src/app/pages/gali-v5/pages/skills/skill-editor-page.component.ts:84:15:
      84 │   templateUrl: './skill-editor-page.component.html',
         ╵                ~~~~~~~~~~~~~~~~~~~~~~~~~~~~~~~~~~~~


▲ [WARNING] NG8107: The left side of this optional chain operation does not include 'null' or 'undefined' in its type, therefore the '?.' operator can be replaced with the '.' operator. [plugin angular-compiler]

    src/app/pages/prototype-gallery/prototype-gallery.component.ts:126:79:
      126 │ ...er-glyph">{{ FOLDER_META[proto.folder!]?.icon ?? '📁' }}</span>
          ╵                                             ~~~~


- Changes detected. Rebuilding...

Initial chunk files | Names            |  Raw size
main.js             | main             | 262.90 kB | 

Lazy chunk files    | Names            |  Raw size
chunk-W2HPHL5E.js   | cuenta-component |  30.82 kB | 

Application bundle generation complete. [0.545 seconds]

▲ [WARNING] NG8102: The left side of this nullish coalescing operation does not include 'null' or 'undefined' in its type, therefore the '??' operator can be safely removed. [plugin angular-compiler]

    src/app/pages/gali-v5/components/gali-project-panel/gali-project-panel.component.html:40:28:
      40 │         [style.background]="agentColors[agent.id] ?? '#9b9ba8'"
         ╵                             ~~~~~~~~~~~~~~~~~~~~~~~~~~~~~~~~~~

  Error occurs in the template of component GaliProjectPanelComponent.

    src/app/pages/gali-v5/components/gali-project-panel/gali-project-panel.component.ts:39:15:
      39 │   templateUrl: './gali-project-panel.component.html',
         ╵                ~~~~~~~~~~~~~~~~~~~~~~~~~~~~~~~~~~~~~


▲ [WARNING] NG8107: The left side of this optional chain operation does not include 'null' or 'undefined' in its type, therefore the '?.' operator can be replaced with the '.' operator. [plugin angular-compiler]

    src/app/pages/gali-v5/components/gali-project-panel/gali-project-panel.component.html:81:23:
      81 │   @if (project.skills?.length) {
         ╵                        ~~~~~~

  Error occurs in the template of component GaliProjectPanelComponent.

    src/app/pages/gali-v5/components/gali-project-panel/gali-project-panel.component.ts:39:15:
      39 │   templateUrl: './gali-project-panel.component.html',
         ╵                ~~~~~~~~~~~~~~~~~~~~~~~~~~~~~~~~~~~~~


▲ [WARNING] NG8107: The left side of this optional chain operation does not include 'null' or 'undefined' in its type, therefore the '?.' operator can be replaced with the '.' operator. [plugin angular-compiler]

    src/app/pages/gali-v5/pages/skills/skill-editor-page.component.html:120:71:
      120 │ ...ue]="draft().conditions[0]?.metric" (change)="onCondMetricChan...
          ╵                                ~~~~~~

  Error occurs in the template of component SkillEditorPageComponent.

    src/app/pages/gali-v5/pages/skills/skill-editor-page.component.ts:84:15:
      84 │   templateUrl: './skill-editor-page.component.html',
         ╵                ~~~~~~~~~~~~~~~~~~~~~~~~~~~~~~~~~~~~


▲ [WARNING] NG8107: The left side of this optional chain operation does not include 'null' or 'undefined' in its type, therefore the '?.' operator can be replaced with the '.' operator. [plugin angular-compiler]

    src/app/pages/prototype-gallery/prototype-gallery.component.ts:126:79:
      126 │ ...er-glyph">{{ FOLDER_META[proto.folder!]?.icon ?? '📁' }}</span>
          ╵                                             ~~~~


Page reload sent to client(s).
- Changes detected. Rebuilding...

Initial chunk files | Names            |  Raw size
main.js             | main             | 262.90 kB | 

Lazy chunk files    | Names            |  Raw size
chunk-4Y2HOPVC.js   | cuenta-component |  30.82 kB | 

Application bundle generation complete. [0.545 seconds]

▲ [WARNING] NG8102: The left side of this nullish coalescing operation does not include 'null' or 'undefined' in its type, therefore the '??' operator can be safely removed. [plugin angular-compiler]

    src/app/pages/gali-v5/components/gali-project-panel/gali-project-panel.component.html:40:28:
      40 │         [style.background]="agentColors[agent.id] ?? '#9b9ba8'"
         ╵                             ~~~~~~~~~~~~~~~~~~~~~~~~~~~~~~~~~~

  Error occurs in the template of component GaliProjectPanelComponent.

    src/app/pages/gali-v5/components/gali-project-panel/gali-project-panel.component.ts:39:15:
      39 │   templateUrl: './gali-project-panel.component.html',
         ╵                ~~~~~~~~~~~~~~~~~~~~~~~~~~~~~~~~~~~~~


▲ [WARNING] NG8107: The left side of this optional chain operation does not include 'null' or 'undefined' in its type, therefore the '?.' operator can be replaced with the '.' operator. [plugin angular-compiler]

    src/app/pages/gali-v5/components/gali-project-panel/gali-project-panel.component.html:81:23:
      81 │   @if (project.skills?.length) {
         ╵                        ~~~~~~

  Error occurs in the template of component GaliProjectPanelComponent.

    src/app/pages/gali-v5/components/gali-project-panel/gali-project-panel.component.ts:39:15:
      39 │   templateUrl: './gali-project-panel.component.html',
         ╵                ~~~~~~~~~~~~~~~~~~~~~~~~~~~~~~~~~~~~~


▲ [WARNING] NG8107: The left side of this optional chain operation does not include 'null' or 'undefined' in its type, therefore the '?.' operator can be replaced with the '.' operator. [plugin angular-compiler]

    src/app/pages/gali-v5/pages/skills/skill-editor-page.component.html:120:71:
      120 │ ...ue]="draft().conditions[0]?.metric" (change)="onCondMetricChan...
          ╵                                ~~~~~~

  Error occurs in the template of component SkillEditorPageComponent.

    src/app/pages/gali-v5/pages/skills/skill-editor-page.component.ts:84:15:
      84 │   templateUrl: './skill-editor-page.component.html',
         ╵                ~~~~~~~~~~~~~~~~~~~~~~~~~~~~~~~~~~~~


▲ [WARNING] NG8107: The left side of this optional chain operation does not include 'null' or 'undefined' in its type, therefore the '?.' operator can be replaced with the '.' operator. [plugin angular-compiler]

    src/app/pages/prototype-gallery/prototype-gallery.component.ts:126:79:
      126 │ ...er-glyph">{{ FOLDER_META[proto.folder!]?.icon ?? '📁' }}</span>
          ╵                                             ~~~~


Page reload sent to client(s).
- Changes detected. Rebuilding...

Initial chunk files | Names                       |  Raw size
main.js             | main                        | 262.90 kB | 

Lazy chunk files    | Names                       |  Raw size
chunk-Y7PFQ7Y7.js   | datos-facturacion-component |  26.17 kB | 

Application bundle generation complete. [0.531 seconds]

▲ [WARNING] NG8102: The left side of this nullish coalescing operation does not include 'null' or 'undefined' in its type, therefore the '??' operator can be safely removed. [plugin angular-compiler]

    src/app/pages/gali-v5/components/gali-project-panel/gali-project-panel.component.html:40:28:
      40 │         [style.background]="agentColors[agent.id] ?? '#9b9ba8'"
         ╵                             ~~~~~~~~~~~~~~~~~~~~~~~~~~~~~~~~~~

  Error occurs in the template of component GaliProjectPanelComponent.

    src/app/pages/gali-v5/components/gali-project-panel/gali-project-panel.component.ts:39:15:
      39 │   templateUrl: './gali-project-panel.component.html',
         ╵                ~~~~~~~~~~~~~~~~~~~~~~~~~~~~~~~~~~~~~


▲ [WARNING] NG8107: The left side of this optional chain operation does not include 'null' or 'undefined' in its type, therefore the '?.' operator can be replaced with the '.' operator. [plugin angular-compiler]

    src/app/pages/gali-v5/components/gali-project-panel/gali-project-panel.component.html:81:23:
      81 │   @if (project.skills?.length) {
         ╵                        ~~~~~~

  Error occurs in the template of component GaliProjectPanelComponent.

    src/app/pages/gali-v5/components/gali-project-panel/gali-project-panel.component.ts:39:15:
      39 │   templateUrl: './gali-project-panel.component.html',
         ╵                ~~~~~~~~~~~~~~~~~~~~~~~~~~~~~~~~~~~~~


▲ [WARNING] NG8107: The left side of this optional chain operation does not include 'null' or 'undefined' in its type, therefore the '?.' operator can be replaced with the '.' operator. [plugin angular-compiler]

    src/app/pages/gali-v5/pages/skills/skill-editor-page.component.html:120:71:
      120 │ ...ue]="draft().conditions[0]?.metric" (change)="onCondMetricChan...
          ╵                                ~~~~~~

  Error occurs in the template of component SkillEditorPageComponent.

    src/app/pages/gali-v5/pages/skills/skill-editor-page.component.ts:84:15:
      84 │   templateUrl: './skill-editor-page.component.html',
         ╵                ~~~~~~~~~~~~~~~~~~~~~~~~~~~~~~~~~~~~


▲ [WARNING] NG8107: The left side of this optional chain operation does not include 'null' or 'undefined' in its type, therefore the '?.' operator can be replaced with the '.' operator. [plugin angular-compiler]

    src/app/pages/prototype-gallery/prototype-gallery.component.ts:126:79:
      126 │ ...er-glyph">{{ FOLDER_META[proto.folder!]?.icon ?? '📁' }}</span>
          ╵                                             ~~~~


Page reload sent to client(s).
- Changes detected. Rebuilding...

Initial chunk files | Names                       |  Raw size
main.js             | main                        | 262.90 kB | 

Lazy chunk files    | Names                       |  Raw size
chunk-I7JJ2GI4.js   | datos-facturacion-component |  26.17 kB | 

Application bundle generation complete. [0.601 seconds]

▲ [WARNING] NG8102: The left side of this nullish coalescing operation does not include 'null' or 'undefined' in its type, therefore the '??' operator can be safely removed. [plugin angular-compiler]

    src/app/pages/gali-v5/components/gali-project-panel/gali-project-panel.component.html:40:28:
      40 │         [style.background]="agentColors[agent.id] ?? '#9b9ba8'"
         ╵                             ~~~~~~~~~~~~~~~~~~~~~~~~~~~~~~~~~~

  Error occurs in the template of component GaliProjectPanelComponent.

    src/app/pages/gali-v5/components/gali-project-panel/gali-project-panel.component.ts:39:15:
      39 │   templateUrl: './gali-project-panel.component.html',
         ╵                ~~~~~~~~~~~~~~~~~~~~~~~~~~~~~~~~~~~~~


▲ [WARNING] NG8107: The left side of this optional chain operation does not include 'null' or 'undefined' in its type, therefore the '?.' operator can be replaced with the '.' operator. [plugin angular-compiler]

    src/app/pages/gali-v5/components/gali-project-panel/gali-project-panel.component.html:81:23:
      81 │   @if (project.skills?.length) {
         ╵                        ~~~~~~

  Error occurs in the template of component GaliProjectPanelComponent.

    src/app/pages/gali-v5/components/gali-project-panel/gali-project-panel.component.ts:39:15:
      39 │   templateUrl: './gali-project-panel.component.html',
         ╵                ~~~~~~~~~~~~~~~~~~~~~~~~~~~~~~~~~~~~~


▲ [WARNING] NG8107: The left side of this optional chain operation does not include 'null' or 'undefined' in its type, therefore the '?.' operator can be replaced with the '.' operator. [plugin angular-compiler]

    src/app/pages/gali-v5/pages/skills/skill-editor-page.component.html:120:71:
      120 │ ...ue]="draft().conditions[0]?.metric" (change)="onCondMetricChan...
          ╵                                ~~~~~~

  Error occurs in the template of component SkillEditorPageComponent.

    src/app/pages/gali-v5/pages/skills/skill-editor-page.component.ts:84:15:
      84 │   templateUrl: './skill-editor-page.component.html',
         ╵                ~~~~~~~~~~~~~~~~~~~~~~~~~~~~~~~~~~~~


▲ [WARNING] NG8107: The left side of this optional chain operation does not include 'null' or 'undefined' in its type, therefore the '?.' operator can be replaced with the '.' operator. [plugin angular-compiler]

    src/app/pages/prototype-gallery/prototype-gallery.component.ts:126:79:
      126 │ ...er-glyph">{{ FOLDER_META[proto.folder!]?.icon ?? '📁' }}</span>
          ╵                                             ~~~~


Page reload sent to client(s).
- Changes detected. Rebuilding...

Initial chunk files | Names                       |  Raw size
main.js             | main                        | 262.90 kB | 

Lazy chunk files    | Names                       |  Raw size
chunk-FP6TYT2V.js   | datos-facturacion-component |  26.17 kB | 

Application bundle generation complete. [0.541 seconds]

▲ [WARNING] NG8102: The left side of this nullish coalescing operation does not include 'null' or 'undefined' in its type, therefore the '??' operator can be safely removed. [plugin angular-compiler]

    src/app/pages/gali-v5/components/gali-project-panel/gali-project-panel.component.html:40:28:
      40 │         [style.background]="agentColors[agent.id] ?? '#9b9ba8'"
         ╵                             ~~~~~~~~~~~~~~~~~~~~~~~~~~~~~~~~~~

  Error occurs in the template of component GaliProjectPanelComponent.

    src/app/pages/gali-v5/components/gali-project-panel/gali-project-panel.component.ts:39:15:
      39 │   templateUrl: './gali-project-panel.component.html',
         ╵                ~~~~~~~~~~~~~~~~~~~~~~~~~~~~~~~~~~~~~


▲ [WARNING] NG8107: The left side of this optional chain operation does not include 'null' or 'undefined' in its type, therefore the '?.' operator can be replaced with the '.' operator. [plugin angular-compiler]

    src/app/pages/gali-v5/components/gali-project-panel/gali-project-panel.component.html:81:23:
      81 │   @if (project.skills?.length) {
         ╵                        ~~~~~~

  Error occurs in the template of component GaliProjectPanelComponent.

    src/app/pages/gali-v5/components/gali-project-panel/gali-project-panel.component.ts:39:15:
      39 │   templateUrl: './gali-project-panel.component.html',
         ╵                ~~~~~~~~~~~~~~~~~~~~~~~~~~~~~~~~~~~~~


▲ [WARNING] NG8107: The left side of this optional chain operation does not include 'null' or 'undefined' in its type, therefore the '?.' operator can be replaced with the '.' operator. [plugin angular-compiler]

    src/app/pages/gali-v5/pages/skills/skill-editor-page.component.html:120:71:
      120 │ ...ue]="draft().conditions[0]?.metric" (change)="onCondMetricChan...
          ╵                                ~~~~~~

  Error occurs in the template of component SkillEditorPageComponent.

    src/app/pages/gali-v5/pages/skills/skill-editor-page.component.ts:84:15:
      84 │   templateUrl: './skill-editor-page.component.html',
         ╵                ~~~~~~~~~~~~~~~~~~~~~~~~~~~~~~~~~~~~


▲ [WARNING] NG8107: The left side of this optional chain operation does not include 'null' or 'undefined' in its type, therefore the '?.' operator can be replaced with the '.' operator. [plugin angular-compiler]

    src/app/pages/prototype-gallery/prototype-gallery.component.ts:126:79:
      126 │ ...er-glyph">{{ FOLDER_META[proto.folder!]?.icon ?? '📁' }}</span>
          ╵                                             ~~~~


Page reload sent to client(s).
- Changes detected. Rebuilding...

Initial chunk files | Names                       |  Raw size
main.js             | main                        | 262.90 kB | 

Lazy chunk files    | Names                       |  Raw size
chunk-YULIAYSX.js   | datos-facturacion-component |  26.17 kB | 

Application bundle generation complete. [0.540 seconds]

▲ [WARNING] NG8102: The left side of this nullish coalescing operation does not include 'null' or 'undefined' in its type, therefore the '??' operator can be safely removed. [plugin angular-compiler]

    src/app/pages/gali-v5/components/gali-project-panel/gali-project-panel.component.html:40:28:
      40 │         [style.background]="agentColors[agent.id] ?? '#9b9ba8'"
         ╵                             ~~~~~~~~~~~~~~~~~~~~~~~~~~~~~~~~~~

  Error occurs in the template of component GaliProjectPanelComponent.

    src/app/pages/gali-v5/components/gali-project-panel/gali-project-panel.component.ts:39:15:
      39 │   templateUrl: './gali-project-panel.component.html',
         ╵                ~~~~~~~~~~~~~~~~~~~~~~~~~~~~~~~~~~~~~


▲ [WARNING] NG8107: The left side of this optional chain operation does not include 'null' or 'undefined' in its type, therefore the '?.' operator can be replaced with the '.' operator. [plugin angular-compiler]

    src/app/pages/gali-v5/components/gali-project-panel/gali-project-panel.component.html:81:23:
      81 │   @if (project.skills?.length) {
         ╵                        ~~~~~~

  Error occurs in the template of component GaliProjectPanelComponent.

    src/app/pages/gali-v5/components/gali-project-panel/gali-project-panel.component.ts:39:15:
      39 │   templateUrl: './gali-project-panel.component.html',
         ╵                ~~~~~~~~~~~~~~~~~~~~~~~~~~~~~~~~~~~~~


▲ [WARNING] NG8107: The left side of this optional chain operation does not include 'null' or 'undefined' in its type, therefore the '?.' operator can be replaced with the '.' operator. [plugin angular-compiler]

    src/app/pages/gali-v5/pages/skills/skill-editor-page.component.html:120:71:
      120 │ ...ue]="draft().conditions[0]?.metric" (change)="onCondMetricChan...
          ╵                                ~~~~~~

  Error occurs in the template of component SkillEditorPageComponent.

    src/app/pages/gali-v5/pages/skills/skill-editor-page.component.ts:84:15:
      84 │   templateUrl: './skill-editor-page.component.html',
         ╵                ~~~~~~~~~~~~~~~~~~~~~~~~~~~~~~~~~~~~


▲ [WARNING] NG8107: The left side of this optional chain operation does not include 'null' or 'undefined' in its type, therefore the '?.' operator can be replaced with the '.' operator. [plugin angular-compiler]

    src/app/pages/prototype-gallery/prototype-gallery.component.ts:126:79:
      126 │ ...er-glyph">{{ FOLDER_META[proto.folder!]?.icon ?? '📁' }}</span>
          ╵                                             ~~~~


Page reload sent to client(s).
- Changes detected. Rebuilding...

Initial chunk files | Names            |  Raw size
main.js             | main             | 262.90 kB | 

Lazy chunk files    | Names            |  Raw size
chunk-QB4L7JUI.js   | cuenta-component |  30.82 kB | 

Application bundle generation complete. [0.568 seconds]

▲ [WARNING] NG8102: The left side of this nullish coalescing operation does not include 'null' or 'undefined' in its type, therefore the '??' operator can be safely removed. [plugin angular-compiler]

    src/app/pages/gali-v5/components/gali-project-panel/gali-project-panel.component.html:40:28:
      40 │         [style.background]="agentColors[agent.id] ?? '#9b9ba8'"
         ╵                             ~~~~~~~~~~~~~~~~~~~~~~~~~~~~~~~~~~

  Error occurs in the template of component GaliProjectPanelComponent.

    src/app/pages/gali-v5/components/gali-project-panel/gali-project-panel.component.ts:39:15:
      39 │   templateUrl: './gali-project-panel.component.html',
         ╵                ~~~~~~~~~~~~~~~~~~~~~~~~~~~~~~~~~~~~~


▲ [WARNING] NG8107: The left side of this optional chain operation does not include 'null' or 'undefined' in its type, therefore the '?.' operator can be replaced with the '.' operator. [plugin angular-compiler]

    src/app/pages/gali-v5/components/gali-project-panel/gali-project-panel.component.html:81:23:
      81 │   @if (project.skills?.length) {
         ╵                        ~~~~~~

  Error occurs in the template of component GaliProjectPanelComponent.

    src/app/pages/gali-v5/components/gali-project-panel/gali-project-panel.component.ts:39:15:
      39 │   templateUrl: './gali-project-panel.component.html',
         ╵                ~~~~~~~~~~~~~~~~~~~~~~~~~~~~~~~~~~~~~


▲ [WARNING] NG8107: The left side of this optional chain operation does not include 'null' or 'undefined' in its type, therefore the '?.' operator can be replaced with the '.' operator. [plugin angular-compiler]

    src/app/pages/gali-v5/pages/skills/skill-editor-page.component.html:120:71:
      120 │ ...ue]="draft().conditions[0]?.metric" (change)="onCondMetricChan...
          ╵                                ~~~~~~

  Error occurs in the template of component SkillEditorPageComponent.

    src/app/pages/gali-v5/pages/skills/skill-editor-page.component.ts:84:15:
      84 │   templateUrl: './skill-editor-page.component.html',
         ╵                ~~~~~~~~~~~~~~~~~~~~~~~~~~~~~~~~~~~~


▲ [WARNING] NG8107: The left side of this optional chain operation does not include 'null' or 'undefined' in its type, therefore the '?.' operator can be replaced with the '.' operator. [plugin angular-compiler]

    src/app/pages/prototype-gallery/prototype-gallery.component.ts:126:79:
      126 │ ...er-glyph">{{ FOLDER_META[proto.folder!]?.icon ?? '📁' }}</span>
          ╵                                             ~~~~


Page reload sent to client(s).
- Changes detected. Rebuilding...

Initial chunk files | Names            |  Raw size
main.js             | main             | 262.90 kB | 

Lazy chunk files    | Names            |  Raw size
chunk-KJDTNYO2.js   | cuenta-component |  30.81 kB | 

Application bundle generation complete. [0.671 seconds]

▲ [WARNING] NG8102: The left side of this nullish coalescing operation does not include 'null' or 'undefined' in its type, therefore the '??' operator can be safely removed. [plugin angular-compiler]

    src/app/pages/gali-v5/components/gali-project-panel/gali-project-panel.component.html:40:28:
      40 │         [style.background]="agentColors[agent.id] ?? '#9b9ba8'"
         ╵                             ~~~~~~~~~~~~~~~~~~~~~~~~~~~~~~~~~~

  Error occurs in the template of component GaliProjectPanelComponent.

    src/app/pages/gali-v5/components/gali-project-panel/gali-project-panel.component.ts:39:15:
      39 │   templateUrl: './gali-project-panel.component.html',
         ╵                ~~~~~~~~~~~~~~~~~~~~~~~~~~~~~~~~~~~~~


▲ [WARNING] NG8107: The left side of this optional chain operation does not include 'null' or 'undefined' in its type, therefore the '?.' operator can be replaced with the '.' operator. [plugin angular-compiler]

    src/app/pages/gali-v5/components/gali-project-panel/gali-project-panel.component.html:81:23:
      81 │   @if (project.skills?.length) {
         ╵                        ~~~~~~

  Error occurs in the template of component GaliProjectPanelComponent.

    src/app/pages/gali-v5/components/gali-project-panel/gali-project-panel.component.ts:39:15:
      39 │   templateUrl: './gali-project-panel.component.html',
         ╵                ~~~~~~~~~~~~~~~~~~~~~~~~~~~~~~~~~~~~~


▲ [WARNING] NG8107: The left side of this optional chain operation does not include 'null' or 'undefined' in its type, therefore the '?.' operator can be replaced with the '.' operator. [plugin angular-compiler]

    src/app/pages/gali-v5/pages/skills/skill-editor-page.component.html:120:71:
      120 │ ...ue]="draft().conditions[0]?.metric" (change)="onCondMetricChan...
          ╵                                ~~~~~~

  Error occurs in the template of component SkillEditorPageComponent.

    src/app/pages/gali-v5/pages/skills/skill-editor-page.component.ts:84:15:
      84 │   templateUrl: './skill-editor-page.component.html',
         ╵                ~~~~~~~~~~~~~~~~~~~~~~~~~~~~~~~~~~~~


▲ [WARNING] NG8107: The left side of this optional chain operation does not include 'null' or 'undefined' in its type, therefore the '?.' operator can be replaced with the '.' operator. [plugin angular-compiler]

    src/app/pages/prototype-gallery/prototype-gallery.component.ts:126:79:
      126 │ ...er-glyph">{{ FOLDER_META[proto.folder!]?.icon ?? '📁' }}</span>
          ╵                                             ~~~~


Page reload sent to client(s).
- Changes detected. Rebuilding...

Initial chunk files | Names                       |  Raw size
main.js             | main                        | 262.90 kB | 

Lazy chunk files    | Names                       |  Raw size
chunk-SQOEIWIV.js   | datos-facturacion-component |  26.21 kB | 

Application bundle generation complete. [0.589 seconds]

▲ [WARNING] NG8102: The left side of this nullish coalescing operation does not include 'null' or 'undefined' in its type, therefore the '??' operator can be safely removed. [plugin angular-compiler]

    src/app/pages/gali-v5/components/gali-project-panel/gali-project-panel.component.html:40:28:
      40 │         [style.background]="agentColors[agent.id] ?? '#9b9ba8'"
         ╵                             ~~~~~~~~~~~~~~~~~~~~~~~~~~~~~~~~~~

  Error occurs in the template of component GaliProjectPanelComponent.

    src/app/pages/gali-v5/components/gali-project-panel/gali-project-panel.component.ts:39:15:
      39 │   templateUrl: './gali-project-panel.component.html',
         ╵                ~~~~~~~~~~~~~~~~~~~~~~~~~~~~~~~~~~~~~


▲ [WARNING] NG8107: The left side of this optional chain operation does not include 'null' or 'undefined' in its type, therefore the '?.' operator can be replaced with the '.' operator. [plugin angular-compiler]

    src/app/pages/gali-v5/components/gali-project-panel/gali-project-panel.component.html:81:23:
      81 │   @if (project.skills?.length) {
         ╵                        ~~~~~~

  Error occurs in the template of component GaliProjectPanelComponent.

    src/app/pages/gali-v5/components/gali-project-panel/gali-project-panel.component.ts:39:15:
      39 │   templateUrl: './gali-project-panel.component.html',
         ╵                ~~~~~~~~~~~~~~~~~~~~~~~~~~~~~~~~~~~~~


▲ [WARNING] NG8107: The left side of this optional chain operation does not include 'null' or 'undefined' in its type, therefore the '?.' operator can be replaced with the '.' operator. [plugin angular-compiler]

    src/app/pages/gali-v5/pages/skills/skill-editor-page.component.html:120:71:
      120 │ ...ue]="draft().conditions[0]?.metric" (change)="onCondMetricChan...
          ╵                                ~~~~~~

  Error occurs in the template of component SkillEditorPageComponent.

    src/app/pages/gali-v5/pages/skills/skill-editor-page.component.ts:84:15:
      84 │   templateUrl: './skill-editor-page.component.html',
         ╵                ~~~~~~~~~~~~~~~~~~~~~~~~~~~~~~~~~~~~


▲ [WARNING] NG8107: The left side of this optional chain operation does not include 'null' or 'undefined' in its type, therefore the '?.' operator can be replaced with the '.' operator. [plugin angular-compiler]

    src/app/pages/prototype-gallery/prototype-gallery.component.ts:126:79:
      126 │ ...er-glyph">{{ FOLDER_META[proto.folder!]?.icon ?? '📁' }}</span>
          ╵                                             ~~~~


Page reload sent to client(s).
- Changes detected. Rebuilding...

Initial chunk files | Names            |  Raw size
main.js             | main             | 262.90 kB | 

Lazy chunk files    | Names            |  Raw size
chunk-DKMYUY4U.js   | cuenta-component |  30.82 kB | 

Application bundle generation complete. [0.549 seconds]

▲ [WARNING] NG8102: The left side of this nullish coalescing operation does not include 'null' or 'undefined' in its type, therefore the '??' operator can be safely removed. [plugin angular-compiler]

    src/app/pages/gali-v5/components/gali-project-panel/gali-project-panel.component.html:40:28:
      40 │         [style.background]="agentColors[agent.id] ?? '#9b9ba8'"
         ╵                             ~~~~~~~~~~~~~~~~~~~~~~~~~~~~~~~~~~

  Error occurs in the template of component GaliProjectPanelComponent.

    src/app/pages/gali-v5/components/gali-project-panel/gali-project-panel.component.ts:39:15:
      39 │   templateUrl: './gali-project-panel.component.html',
         ╵                ~~~~~~~~~~~~~~~~~~~~~~~~~~~~~~~~~~~~~


▲ [WARNING] NG8107: The left side of this optional chain operation does not include 'null' or 'undefined' in its type, therefore the '?.' operator can be replaced with the '.' operator. [plugin angular-compiler]

    src/app/pages/gali-v5/components/gali-project-panel/gali-project-panel.component.html:81:23:
      81 │   @if (project.skills?.length) {
         ╵                        ~~~~~~

  Error occurs in the template of component GaliProjectPanelComponent.

    src/app/pages/gali-v5/components/gali-project-panel/gali-project-panel.component.ts:39:15:
      39 │   templateUrl: './gali-project-panel.component.html',
         ╵                ~~~~~~~~~~~~~~~~~~~~~~~~~~~~~~~~~~~~~


▲ [WARNING] NG8107: The left side of this optional chain operation does not include 'null' or 'undefined' in its type, therefore the '?.' operator can be replaced with the '.' operator. [plugin angular-compiler]

    src/app/pages/gali-v5/pages/skills/skill-editor-page.component.html:120:71:
      120 │ ...ue]="draft().conditions[0]?.metric" (change)="onCondMetricChan...
          ╵                                ~~~~~~

  Error occurs in the template of component SkillEditorPageComponent.

    src/app/pages/gali-v5/pages/skills/skill-editor-page.component.ts:84:15:
      84 │   templateUrl: './skill-editor-page.component.html',
         ╵                ~~~~~~~~~~~~~~~~~~~~~~~~~~~~~~~~~~~~


▲ [WARNING] NG8107: The left side of this optional chain operation does not include 'null' or 'undefined' in its type, therefore the '?.' operator can be replaced with the '.' operator. [plugin angular-compiler]

    src/app/pages/prototype-gallery/prototype-gallery.component.ts:126:79:
      126 │ ...er-glyph">{{ FOLDER_META[proto.folder!]?.icon ?? '📁' }}</span>
          ╵                                             ~~~~


Page reload sent to client(s).
- Changes detected. Rebuilding...

Initial chunk files | Names                       |  Raw size
main.js             | main                        | 262.90 kB | 

Lazy chunk files    | Names                       |  Raw size
chunk-WPHRUFXA.js   | datos-facturacion-component |  26.21 kB | 

Application bundle generation complete. [0.525 seconds]

▲ [WARNING] NG8102: The left side of this nullish coalescing operation does not include 'null' or 'undefined' in its type, therefore the '??' operator can be safely removed. [plugin angular-compiler]

    src/app/pages/gali-v5/components/gali-project-panel/gali-project-panel.component.html:40:28:
      40 │         [style.background]="agentColors[agent.id] ?? '#9b9ba8'"
         ╵                             ~~~~~~~~~~~~~~~~~~~~~~~~~~~~~~~~~~

  Error occurs in the template of component GaliProjectPanelComponent.

    src/app/pages/gali-v5/components/gali-project-panel/gali-project-panel.component.ts:39:15:
      39 │   templateUrl: './gali-project-panel.component.html',
         ╵                ~~~~~~~~~~~~~~~~~~~~~~~~~~~~~~~~~~~~~


▲ [WARNING] NG8107: The left side of this optional chain operation does not include 'null' or 'undefined' in its type, therefore the '?.' operator can be replaced with the '.' operator. [plugin angular-compiler]

    src/app/pages/gali-v5/components/gali-project-panel/gali-project-panel.component.html:81:23:
      81 │   @if (project.skills?.length) {
         ╵                        ~~~~~~

  Error occurs in the template of component GaliProjectPanelComponent.

    src/app/pages/gali-v5/components/gali-project-panel/gali-project-panel.component.ts:39:15:
      39 │   templateUrl: './gali-project-panel.component.html',
         ╵                ~~~~~~~~~~~~~~~~~~~~~~~~~~~~~~~~~~~~~


▲ [WARNING] NG8107: The left side of this optional chain operation does not include 'null' or 'undefined' in its type, therefore the '?.' operator can be replaced with the '.' operator. [plugin angular-compiler]

    src/app/pages/gali-v5/pages/skills/skill-editor-page.component.html:120:71:
      120 │ ...ue]="draft().conditions[0]?.metric" (change)="onCondMetricChan...
          ╵                                ~~~~~~

  Error occurs in the template of component SkillEditorPageComponent.

    src/app/pages/gali-v5/pages/skills/skill-editor-page.component.ts:84:15:
      84 │   templateUrl: './skill-editor-page.component.html',
         ╵                ~~~~~~~~~~~~~~~~~~~~~~~~~~~~~~~~~~~~


▲ [WARNING] NG8107: The left side of this optional chain operation does not include 'null' or 'undefined' in its type, therefore the '?.' operator can be replaced with the '.' operator. [plugin angular-compiler]

    src/app/pages/prototype-gallery/prototype-gallery.component.ts:126:79:
      126 │ ...er-glyph">{{ FOLDER_META[proto.folder!]?.icon ?? '📁' }}</span>
          ╵                                             ~~~~


Page reload sent to client(s).
- Changes detected. Rebuilding...

Initial chunk files | Names                       |  Raw size
main.js             | main                        | 262.90 kB | 

Lazy chunk files    | Names                       |  Raw size
chunk-5NDCNLE7.js   | datos-facturacion-component |  26.21 kB | 

Application bundle generation complete. [0.620 seconds]

▲ [WARNING] NG8102: The left side of this nullish coalescing operation does not include 'null' or 'undefined' in its type, therefore the '??' operator can be safely removed. [plugin angular-compiler]

    src/app/pages/gali-v5/components/gali-project-panel/gali-project-panel.component.html:40:28:
      40 │         [style.background]="agentColors[agent.id] ?? '#9b9ba8'"
         ╵                             ~~~~~~~~~~~~~~~~~~~~~~~~~~~~~~~~~~

  Error occurs in the template of component GaliProjectPanelComponent.

    src/app/pages/gali-v5/components/gali-project-panel/gali-project-panel.component.ts:39:15:
      39 │   templateUrl: './gali-project-panel.component.html',
         ╵                ~~~~~~~~~~~~~~~~~~~~~~~~~~~~~~~~~~~~~


▲ [WARNING] NG8107: The left side of this optional chain operation does not include 'null' or 'undefined' in its type, therefore the '?.' operator can be replaced with the '.' operator. [plugin angular-compiler]

    src/app/pages/gali-v5/components/gali-project-panel/gali-project-panel.component.html:81:23:
      81 │   @if (project.skills?.length) {
         ╵                        ~~~~~~

  Error occurs in the template of component GaliProjectPanelComponent.

    src/app/pages/gali-v5/components/gali-project-panel/gali-project-panel.component.ts:39:15:
      39 │   templateUrl: './gali-project-panel.component.html',
         ╵                ~~~~~~~~~~~~~~~~~~~~~~~~~~~~~~~~~~~~~


▲ [WARNING] NG8107: The left side of this optional chain operation does not include 'null' or 'undefined' in its type, therefore the '?.' operator can be replaced with the '.' operator. [plugin angular-compiler]

    src/app/pages/gali-v5/pages/skills/skill-editor-page.component.html:120:71:
      120 │ ...ue]="draft().conditions[0]?.metric" (change)="onCondMetricChan...
          ╵                                ~~~~~~

  Error occurs in the template of component SkillEditorPageComponent.

    src/app/pages/gali-v5/pages/skills/skill-editor-page.component.ts:84:15:
      84 │   templateUrl: './skill-editor-page.component.html',
         ╵                ~~~~~~~~~~~~~~~~~~~~~~~~~~~~~~~~~~~~


▲ [WARNING] NG8107: The left side of this optional chain operation does not include 'null' or 'undefined' in its type, therefore the '?.' operator can be replaced with the '.' operator. [plugin angular-compiler]

    src/app/pages/prototype-gallery/prototype-gallery.component.ts:126:79:
      126 │ ...er-glyph">{{ FOLDER_META[proto.folder!]?.icon ?? '📁' }}</span>
          ╵                                             ~~~~


Page reload sent to client(s).
- Changes detected. Rebuilding...

Initial chunk files | Names                       |  Raw size
main.js             | main                        | 262.90 kB | 

Lazy chunk files    | Names                       |  Raw size
chunk-TK4YHHFX.js   | datos-facturacion-component |  26.19 kB | 

Application bundle generation complete. [1.798 seconds]

▲ [WARNING] NG8102: The left side of this nullish coalescing operation does not include 'null' or 'undefined' in its type, therefore the '??' operator can be safely removed. [plugin angular-compiler]

    src/app/pages/gali-v5/components/gali-project-panel/gali-project-panel.component.html:40:28:
      40 │         [style.background]="agentColors[agent.id] ?? '#9b9ba8'"
         ╵                             ~~~~~~~~~~~~~~~~~~~~~~~~~~~~~~~~~~

  Error occurs in the template of component GaliProjectPanelComponent.

    src/app/pages/gali-v5/components/gali-project-panel/gali-project-panel.component.ts:39:15:
      39 │   templateUrl: './gali-project-panel.component.html',
         ╵                ~~~~~~~~~~~~~~~~~~~~~~~~~~~~~~~~~~~~~


▲ [WARNING] NG8107: The left side of this optional chain operation does not include 'null' or 'undefined' in its type, therefore the '?.' operator can be replaced with the '.' operator. [plugin angular-compiler]

    src/app/pages/gali-v5/components/gali-project-panel/gali-project-panel.component.html:81:23:
      81 │   @if (project.skills?.length) {
         ╵                        ~~~~~~

  Error occurs in the template of component GaliProjectPanelComponent.

    src/app/pages/gali-v5/components/gali-project-panel/gali-project-panel.component.ts:39:15:
      39 │   templateUrl: './gali-project-panel.component.html',
         ╵                ~~~~~~~~~~~~~~~~~~~~~~~~~~~~~~~~~~~~~


▲ [WARNING] NG8107: The left side of this optional chain operation does not include 'null' or 'undefined' in its type, therefore the '?.' operator can be replaced with the '.' operator. [plugin angular-compiler]

    src/app/pages/gali-v5/pages/skills/skill-editor-page.component.html:120:71:
      120 │ ...ue]="draft().conditions[0]?.metric" (change)="onCondMetricChan...
          ╵                                ~~~~~~

  Error occurs in the template of component SkillEditorPageComponent.

    src/app/pages/gali-v5/pages/skills/skill-editor-page.component.ts:84:15:
      84 │   templateUrl: './skill-editor-page.component.html',
         ╵                ~~~~~~~~~~~~~~~~~~~~~~~~~~~~~~~~~~~~


▲ [WARNING] NG8107: The left side of this optional chain operation does not include 'null' or 'undefined' in its type, therefore the '?.' operator can be replaced with the '.' operator. [plugin angular-compiler]

    src/app/pages/prototype-gallery/prototype-gallery.component.ts:126:79:
      126 │ ...er-glyph">{{ FOLDER_META[proto.folder!]?.icon ?? '📁' }}</span>
          ╵                                             ~~~~


Page reload sent to client(s).
